estudos/Numix_Circle_api_15/apk/manifest-merger-release-report.txt
-- Merging decision tree log ---
manifest
ADDED from AndroidManifest.xml:10:1
	package
		ADDED from AndroidManifest.xml:12:8
		INJECTED from AndroidManifest.xml:0:0
		INJECTED from AndroidManifest.xml:0:0
	android:versionName
		ADDED from AndroidManifest.xml:14:8
	android:versionCode
		ADDED from AndroidManifest.xml:13:8
		INJECTED from AndroidManifest.xml:0:0
		INJECTED from AndroidManifest.xml:0:0
	xmlns:android
		ADDED from AndroidManifest.xml:11:3
	android:installLocation
		ADDED from AndroidManifest.xml:15:8
uses-permission#android.permission.SET_WALLPAPER
ADDED from AndroidManifest.xml:20:5
	android:name
		ADDED from AndroidManifest.xml:20:22
uses-permission#android.permission.SET_WALLPAPER_HINTS
ADDED from AndroidManifest.xml:21:5
	android:name
		ADDED from AndroidManifest.xml:21:22
uses-permission#android.permission.INTERNET
ADDED from AndroidManifest.xml:24:5
	android:name
		ADDED from AndroidManifest.xml:24:22
uses-permission#android.permission.ACCESS_NETWORK_STATE
ADDED from AndroidManifest.xml:25:5
	android:name
		ADDED from AndroidManifest.xml:25:22
supports-screens
ADDED from AndroidManifest.xml:28:5
	android:largeScreens
		ADDED from AndroidManifest.xml:32:9
	android:smallScreens
		ADDED from AndroidManifest.xml:30:9
	android:normalScreens
		ADDED from AndroidManifest.xml:31:9
	android:xlargeScreens
		ADDED from AndroidManifest.xml:33:9
	android:resizeable
		ADDED from AndroidManifest.xml:34:9
	android:anyDensity
		ADDED from AndroidManifest.xml:29:9
application
ADDED from AndroidManifest.xml:38:5
MERGED from com.android.support:support-v4:25.0.1:25:5
MERGED from com.android.support:support-compat:25.0.1:25:5
MERGED from com.android.support:support-media-compat:25.0.1:25:5
MERGED from com.android.support:support-compat:25.0.1:25:5
MERGED from com.android.support:support-core-utils:25.0.1:25:5
MERGED from com.android.support:support-compat:25.0.1:25:5
MERGED from com.android.support:support-core-ui:25.0.1:25:5
MERGED from com.android.support:support-compat:25.0.1:25:5
MERGED from com.android.support:support-fragment:25.0.1:25:5
MERGED from com.android.support:support-compat:25.0.1:25:5
MERGED from com.android.support:support-media-compat:25.0.1:25:5
MERGED from com.android.support:support-compat:25.0.1:25:5
MERGED from com.android.support:support-core-ui:25.0.1:25:5
MERGED from com.android.support:support-compat:25.0.1:25:5
MERGED from com.android.support:support-core-utils:25.0.1:25:5
MERGED from com.android.support:support-compat:25.0.1:25:5
MERGED from com.google.android.gms:play-services:6.5.87:20:5
MERGED from com.android.support:support-v4:25.0.1:25:5
MERGED from com.android.support:support-compat:25.0.1:25:5
MERGED from com.android.support:support-media-compat:25.0.1:25:5
MERGED from com.android.support:support-compat:25.0.1:25:5
MERGED from com.android.support:support-core-utils:25.0.1:25:5
MERGED from com.android.support:support-compat:25.0.1:25:5
MERGED from com.android.support:support-core-ui:25.0.1:25:5
MERGED from com.android.support:support-compat:25.0.1:25:5
MERGED from com.android.support:support-fragment:25.0.1:25:5
MERGED from com.android.support:support-compat:25.0.1:25:5
MERGED from com.android.support:support-media-compat:25.0.1:25:5
MERGED from com.android.support:support-compat:25.0.1:25:5
MERGED from com.android.support:support-core-ui:25.0.1:25:5
MERGED from com.android.support:support-compat:25.0.1:25:5
MERGED from com.android.support:support-core-utils:25.0.1:25:5
MERGED from com.android.support:support-compat:25.0.1:25:5
MERGED from com.android.support:cardview-v7:22.0.0:22:5
MERGED from com.android.support:recyclerview-v7:22.0.0:22:5
MERGED from com.android.support:support-v4:25.0.1:25:5
MERGED from com.android.support:support-compat:25.0.1:25:5
MERGED from com.android.support:support-media-compat:25.0.1:25:5
MERGED from com.android.support:support-compat:25.0.1:25:5
MERGED from com.android.support:support-core-utils:25.0.1:25:5
MERGED from com.android.support:support-compat:25.0.1:25:5
MERGED from com.android.support:support-core-ui:25.0.1:25:5
MERGED from com.android.support:support-compat:25.0.1:25:5
MERGED from com.android.support:support-fragment:25.0.1:25:5
MERGED from com.android.support:support-compat:25.0.1:25:5
MERGED from com.android.support:support-media-compat:25.0.1:25:5
MERGED from com.android.support:support-compat:25.0.1:25:5
MERGED from com.android.support:support-core-ui:25.0.1:25:5
MERGED from com.android.support:support-compat:25.0.1:25:5
MERGED from com.android.support:support-core-utils:25.0.1:25:5
MERGED from com.android.support:support-compat:25.0.1:25:5
MERGED from it.neokree:MaterialNavigationDrawer:1.3.2:14:5
MERGED from com.balysv:material-ripple:1.0.1:12:5
MERGED from com.android.support:appcompat-v7:22.0.0:22:5
MERGED from com.android.support:support-v4:25.0.1:25:5
MERGED from com.android.support:support-compat:25.0.1:25:5
MERGED from com.android.support:support-media-compat:25.0.1:25:5
MERGED from com.android.support:support-compat:25.0.1:25:5
MERGED from com.android.support:support-core-utils:25.0.1:25:5
MERGED from com.android.support:support-compat:25.0.1:25:5
MERGED from com.android.support:support-core-ui:25.0.1:25:5
MERGED from com.android.support:support-compat:25.0.1:25:5
MERGED from com.android.support:support-fragment:25.0.1:25:5
MERGED from com.android.support:support-compat:25.0.1:25:5
MERGED from com.android.support:support-media-compat:25.0.1:25:5
MERGED from com.android.support:support-compat:25.0.1:25:5
MERGED from com.android.support:support-core-ui:25.0.1:25:5
MERGED from com.android.support:support-compat:25.0.1:25:5
MERGED from com.android.support:support-core-utils:25.0.1:25:5
MERGED from com.android.support:support-compat:25.0.1:25:5
MERGED from com.android.support:appcompat-v7:22.0.0:22:5
MERGED from com.android.support:support-v4:25.0.1:25:5
MERGED from com.android.support:support-compat:25.0.1:25:5
MERGED from com.android.support:support-media-compat:25.0.1:25:5
MERGED from com.android.support:support-compat:25.0.1:25:5
MERGED from com.android.support:support-core-utils:25.0.1:25:5
MERGED from com.android.support:support-compat:25.0.1:25:5
MERGED from com.android.support:support-core-ui:25.0.1:25:5
MERGED from com.android.support:support-compat:25.0.1:25:5
MERGED from com.android.support:support-fragment:25.0.1:25:5
MERGED from com.android.support:support-compat:25.0.1:25:5
MERGED from com.android.support:support-media-compat:25.0.1:25:5
MERGED from com.android.support:support-compat:25.0.1:25:5
MERGED from com.android.support:support-core-ui:25.0.1:25:5
MERGED from com.android.support:support-compat:25.0.1:25:5
MERGED from com.android.support:support-core-utils:25.0.1:25:5
MERGED from com.android.support:support-compat:25.0.1:25:5
	android:label
		ADDED from AndroidManifest.xml:40:9
	android:allowBackup
		ADDED from AndroidManifest.xml:39:9
	android:icon
		ADDED from AndroidManifest.xml:41:9
	android:largeHeap
		ADDED from AndroidManifest.xml:43:9
	android:theme
		ADDED from AndroidManifest.xml:42:9
activity#com.numix.icons_circle.activity.SplashScreenActivity
ADDED from AndroidManifest.xml:47:9
	android:label
		ADDED from AndroidManifest.xml:49:13
	android:name
		ADDED from AndroidManifest.xml:48:13
intent-filter#android.intent.action.MAIN+android.intent.category.LAUNCHER
ADDED from AndroidManifest.xml:50:13
action#android.intent.action.MAIN
ADDED from AndroidManifest.xml:51:17
	android:name
		ADDED from AndroidManifest.xml:51:25
category#android.intent.category.LAUNCHER
ADDED from AndroidManifest.xml:52:17
	android:name
		ADDED from AndroidManifest.xml:52:27
activity#com.numix.icons_circle.activity.MainActivity
ADDED from AndroidManifest.xml:56:9
	android:label
		ADDED from AndroidManifest.xml:57:13
	android:name
		ADDED from AndroidManifest.xml:56:19
activity#com.numix.icons_circle.activity.ApplyLauncherMain
ADDED from AndroidManifest.xml:62:3
	android:label
		ADDED from AndroidManifest.xml:64:13
	android:theme
		ADDED from AndroidManifest.xml:65:13
	android:name
		ADDED from AndroidManifest.xml:63:8
activity#com.numix.icons_circle.activity.AllIcons
ADDED from AndroidManifest.xml:68:9
	android:name
		ADDED from AndroidManifest.xml:69:13
activity#com.numix.icons_circle.activity.Wallpaper
ADDED from AndroidManifest.xml:71:9
	android:finishOnCloseSystemDialogs
		ADDED from AndroidManifest.xml:76:13
	android:label
		ADDED from AndroidManifest.xml:73:13
	android:icon
		ADDED from AndroidManifest.xml:74:13
	android:theme
		ADDED from AndroidManifest.xml:75:13
	android:name
		ADDED from AndroidManifest.xml:72:13
intent-filter#android.intent.action.SET_WALLPAPER+android.intent.category.DEFAULT
ADDED from AndroidManifest.xml:77:13
action#android.intent.action.SET_WALLPAPER
ADDED from AndroidManifest.xml:84:17
	android:name
		ADDED from AndroidManifest.xml:84:25
category#android.intent.category.DEFAULT
ADDED from AndroidManifest.xml:85:17
	android:name
		ADDED from AndroidManifest.xml:85:27
activity#com.numix.icons_circle.activity.Docks
ADDED from AndroidManifest.xml:89:9
	android:label
		ADDED from AndroidManifest.xml:91:13
	android:icon
		ADDED from AndroidManifest.xml:92:13
	android:name
		ADDED from AndroidManifest.xml:90:13
intent-filter#android.intent.action.PICK+android.intent.category.DEFAULT
ADDED from AndroidManifest.xml:93:13
action#android.intent.action.PICK
ADDED from AndroidManifest.xml:94:17
	android:name
		ADDED from AndroidManifest.xml:94:25
data
ADDED from AndroidManifest.xml:96:17
	android:mimeType
		ADDED from AndroidManifest.xml:96:23
activity#com.numix.icons_circle.activity.Icons
ADDED from AndroidManifest.xml:101:9
	android:label
		ADDED from AndroidManifest.xml:103:17
	android:name
		ADDED from AndroidManifest.xml:102:5
intent-filter#android.intent.category.DEFAULT+org.adw.launcher.THEMES
ADDED from AndroidManifest.xml:104:13
action#org.adw.launcher.THEMES
ADDED from AndroidManifest.xml:105:17
	android:name
		ADDED from AndroidManifest.xml:105:25
intent-filter#android.intent.category.DEFAULT+org.adw.launcher.icons.ACTION_PICK_ICON
ADDED from AndroidManifest.xml:108:13
action#org.adw.launcher.icons.ACTION_PICK_ICON
ADDED from AndroidManifest.xml:109:17
	android:name
		ADDED from AndroidManifest.xml:109:25
intent-filter#android.intent.action.MAIN+com.anddoes.launcher.THEME
ADDED from AndroidManifest.xml:112:13
category#com.anddoes.launcher.THEME
ADDED from AndroidManifest.xml:114:17
	android:name
		ADDED from AndroidManifest.xml:114:27
intent-filter#android.intent.action.MAIN+com.teslacoilsw.launcher.THEME
ADDED from AndroidManifest.xml:116:13
category#com.teslacoilsw.launcher.THEME
ADDED from AndroidManifest.xml:118:17
	android:name
		ADDED from AndroidManifest.xml:118:27
intent-filter#android.intent.action.MAIN+com.fede.launcher.THEME_ICONPACK
ADDED from AndroidManifest.xml:120:13
category#com.fede.launcher.THEME_ICONPACK
ADDED from AndroidManifest.xml:122:17
	android:name
		ADDED from AndroidManifest.xml:122:27
intent-filter#android.intent.action.MAIN+android.intent.category.DEFAULT+com.tsf.shell.themes
ADDED from AndroidManifest.xml:124:13
action#com.tsf.shell.themes
ADDED from AndroidManifest.xml:126:17
	android:name
		ADDED from AndroidManifest.xml:126:25
intent-filter#android.intent.category.DEFAULT+ginlemon.smartlauncher.BUBBLEICONS+ginlemon.smartlauncher.BUBBLESTYLE+ginlemon.smartlauncher.CLOCKFONTS+ginlemon.smartlauncher.CLOCKS+ginlemon.smartlauncher.THEMES
ADDED from AndroidManifest.xml:129:13
action#ginlemon.smartlauncher.THEMES
ADDED from AndroidManifest.xml:130:17
	android:name
		ADDED from AndroidManifest.xml:130:25
action#ginlemon.smartlauncher.BUBBLESTYLE
ADDED from AndroidManifest.xml:131:17
	android:name
		ADDED from AndroidManifest.xml:131:25
action#ginlemon.smartlauncher.BUBBLEICONS
ADDED from AndroidManifest.xml:132:17
	android:name
		ADDED from AndroidManifest.xml:132:25
action#ginlemon.smartlauncher.CLOCKS
ADDED from AndroidManifest.xml:133:17
	android:name
		ADDED from AndroidManifest.xml:133:25
action#ginlemon.smartlauncher.CLOCKFONTS
ADDED from AndroidManifest.xml:134:17
	android:name
		ADDED from AndroidManifest.xml:134:25
intent-filter#android.intent.action.MAIN+android.intent.category.DEFAULT+com.android.dxtop.launcher.THEME+com.fede.launcher.THEME_ICONPACK+com.rogro.GDE.THEME.1+mobi.bbase.ahome.THEME+org.adw.launcher.THEMES
ADDED from AndroidManifest.xml:137:13
action#mobi.bbase.ahome.THEME
ADDED from AndroidManifest.xml:140:17
	android:name
		ADDED from AndroidManifest.xml:140:25
action#com.rogro.GDE.THEME.1
ADDED from AndroidManifest.xml:141:17
	android:name
		ADDED from AndroidManifest.xml:141:25
action#com.android.dxtop.launcher.THEME
ADDED from AndroidManifest.xml:142:17
	android:name
		ADDED from AndroidManifest.xml:142:25
intent-filter#android.intent.category.DEFAULT+com.rogro.GDE.THEME.1+mobi.bbase.ahome.THEME+org.adw.launcher.icons.ACTION_PICK_ICON
ADDED from AndroidManifest.xml:146:13
intent-filter#android.intent.category.DEFAULT+cdproductions.crazyicons.TWO
ADDED from AndroidManifest.xml:152:13
action#cdproductions.crazyicons.TWO
ADDED from AndroidManifest.xml:153:17
	android:name
		ADDED from AndroidManifest.xml:153:25
intent-filter#com.daeva112.manager.MAIN+com.daeva112.manager.THEME
ADDED from AndroidManifest.xml:156:13
action#com.daeva112.manager.MAIN
ADDED from AndroidManifest.xml:157:17
	android:name
		ADDED from AndroidManifest.xml:157:25
category#com.daeva112.manager.THEME
ADDED from AndroidManifest.xml:158:17
	android:name
		ADDED from AndroidManifest.xml:158:27
intent-filter#android.intent.category.DEFAULT+com.gau.go.launcherex.theme
ADDED from AndroidManifest.xml:160:13
action#com.gau.go.launcherex.theme
ADDED from AndroidManifest.xml:161:17
	android:name
		ADDED from AndroidManifest.xml:161:25
activity#com.google.android.gms.ads.AdActivity
ADDED from AndroidManifest.xml:167:9
	android:configChanges
		ADDED from AndroidManifest.xml:168:13
	android:name
		ADDED from AndroidManifest.xml:167:19
provider#com.numix.icons_circle.activity.DocksProvider
ADDED from AndroidManifest.xml:172:9
	android:authorities
		ADDED from AndroidManifest.xml:174:13
	android:name
		ADDED from AndroidManifest.xml:173:13
uses-sdk
INJECTED from AndroidManifest.xml:0:0 reason: use-sdk injection requested
MERGED from com.android.support:support-v4:25.0.1:21:5
MERGED from com.android.support:support-compat:25.0.1:21:5
MERGED from com.android.support:support-media-compat:25.0.1:21:5
MERGED from com.android.support:support-compat:25.0.1:21:5
MERGED from com.android.support:support-core-utils:25.0.1:21:5
MERGED from com.android.support:support-compat:25.0.1:21:5
MERGED from com.android.support:support-core-ui:25.0.1:21:5
MERGED from com.android.support:support-compat:25.0.1:21:5
MERGED from com.android.support:support-fragment:25.0.1:21:5
MERGED from com.android.support:support-compat:25.0.1:21:5
MERGED from com.android.support:support-media-compat:25.0.1:21:5
MERGED from com.android.support:support-compat:25.0.1:21:5
MERGED from com.android.support:support-core-ui:25.0.1:21:5
MERGED from com.android.support:support-compat:25.0.1:21:5
MERGED from com.android.support:support-core-utils:25.0.1:21:5
MERGED from com.android.support:support-compat:25.0.1:21:5
MERGED from com.google.android.gms:play-services:6.5.87:18:5
MERGED from com.android.support:support-v4:25.0.1:21:5
MERGED from com.android.support:support-compat:25.0.1:21:5
MERGED from com.android.support:support-media-compat:25.0.1:21:5
MERGED from com.android.support:support-compat:25.0.1:21:5
MERGED from com.android.support:support-core-utils:25.0.1:21:5
MERGED from com.android.support:support-compat:25.0.1:21:5
MERGED from com.android.support:support-core-ui:25.0.1:21:5
MERGED from com.android.support:support-compat:25.0.1:21:5
MERGED from com.android.support:support-fragment:25.0.1:21:5
MERGED from com.android.support:support-compat:25.0.1:21:5
MERGED from com.android.support:support-media-compat:25.0.1:21:5
MERGED from com.android.support:support-compat:25.0.1:21:5
MERGED from com.android.support:support-core-ui:25.0.1:21:5
MERGED from com.android.support:support-compat:25.0.1:21:5
MERGED from com.android.support:support-core-utils:25.0.1:21:5
MERGED from com.android.support:support-compat:25.0.1:21:5
MERGED from com.android.support:cardview-v7:22.0.0:20:5
MERGED from com.android.support:recyclerview-v7:22.0.0:20:5
MERGED from com.android.support:support-v4:25.0.1:21:5
MERGED from com.android.support:support-compat:25.0.1:21:5
MERGED from com.android.support:support-media-compat:25.0.1:21:5
MERGED from com.android.support:support-compat:25.0.1:21:5
MERGED from com.android.support:support-core-utils:25.0.1:21:5
MERGED from com.android.support:support-compat:25.0.1:21:5
MERGED from com.android.support:support-core-ui:25.0.1:21:5
MERGED from com.android.support:support-compat:25.0.1:21:5
MERGED from com.android.support:support-fragment:25.0.1:21:5
MERGED from com.android.support:support-compat:25.0.1:21:5
MERGED from com.android.support:support-media-compat:25.0.1:21:5
MERGED from com.android.support:support-compat:25.0.1:21:5
MERGED from com.android.support:support-core-ui:25.0.1:21:5
MERGED from com.android.support:support-compat:25.0.1:21:5
MERGED from com.android.support:support-core-utils:25.0.1:21:5
MERGED from com.android.support:support-compat:25.0.1:21:5
MERGED from it.neokree:MaterialNavigationDrawer:1.3.2:8:5
MERGED from com.balysv:material-ripple:1.0.1:8:5
MERGED from com.android.support:appcompat-v7:22.0.0:20:5
MERGED from com.android.support:support-v4:25.0.1:21:5
MERGED from com.android.support:support-compat:25.0.1:21:5
MERGED from com.android.support:support-media-compat:25.0.1:21:5
MERGED from com.android.support:support-compat:25.0.1:21:5
MERGED from com.android.support:support-core-utils:25.0.1:21:5
MERGED from com.android.support:support-compat:25.0.1:21:5
MERGED from com.android.support:support-core-ui:25.0.1:21:5
MERGED from com.android.support:support-compat:25.0.1:21:5
MERGED from com.android.support:support-fragment:25.0.1:21:5
MERGED from com.android.support:support-compat:25.0.1:21:5
MERGED from com.android.support:support-media-compat:25.0.1:21:5
MERGED from com.android.support:support-compat:25.0.1:21:5
MERGED from com.android.support:support-core-ui:25.0.1:21:5
MERGED from com.android.support:support-compat:25.0.1:21:5
MERGED from com.android.support:support-core-utils:25.0.1:21:5
MERGED from com.android.support:support-compat:25.0.1:21:5
MERGED from com.android.support:appcompat-v7:22.0.0:20:5
MERGED from com.android.support:support-v4:25.0.1:21:5
MERGED from com.android.support:support-compat:25.0.1:21:5
MERGED from com.android.support:support-media-compat:25.0.1:21:5
MERGED from com.android.support:support-compat:25.0.1:21:5
MERGED from com.android.support:support-core-utils:25.0.1:21:5
MERGED from com.android.support:support-compat:25.0.1:21:5
MERGED from com.android.support:support-core-ui:25.0.1:21:5
MERGED from com.android.support:support-compat:25.0.1:21:5
MERGED from com.android.support:support-fragment:25.0.1:21:5
MERGED from com.android.support:support-compat:25.0.1:21:5
MERGED from com.android.support:support-media-compat:25.0.1:21:5
MERGED from com.android.support:support-compat:25.0.1:21:5
MERGED from com.android.support:support-core-ui:25.0.1:21:5
MERGED from com.android.support:support-compat:25.0.1:21:5
MERGED from com.android.support:support-core-utils:25.0.1:21:5
MERGED from com.android.support:support-compat:25.0.1:21:5
	tools:overrideLibrary
		ADDED from com.android.support:support-v4:25.0.1:23:9
	android:targetSdkVersion
		INJECTED from AndroidManifest.xml:0:0
		INJECTED from AndroidManifest.xml:0:0
	android:minSdkVersion
		INJECTED from AndroidManifest.xml:0:0
		INJECTED from AndroidManifest.xml:0:0
meta-data#com.google.android.gms.version
ADDED from com.google.android.gms:play-services:6.5.87:21:9
	android:value
		ADDED from com.google.android.gms:play-services:6.5.87:23:13
	android:name
		ADDED from com.google.android.gms:play-services:6.5.87:22:13
activity#android.support.v7.widget.TestActivity
ADDED from com.android.support:recyclerview-v7:22.0.0:23:9
	android:label
		ADDED from com.android.support:recyclerview-v7:22.0.0:25:13
	android:name
		ADDED from com.android.support:recyclerview-v7:22.0.0:24:13